{"contracts/common/Destructible.sol":{"l":{"9":0,"13":0},"path":"/home/string/dev/work/Splitter-A/contracts/common/Destructible.sol","s":{"1":0,"2":0},"b":{},"f":{"1":0,"2":0},"fnMap":{"1":{"name":"destroy","line":8,"loc":{"start":{"line":8,"column":2},"end":{"line":8,"column":37}}},"2":{"name":"destroyAndSend","line":12,"loc":{"start":{"line":12,"column":2},"end":{"line":12,"column":62}}}},"statementMap":{"1":{"start":{"line":9,"column":4},"end":{"line":9,"column":22}},"2":{"start":{"line":13,"column":4},"end":{"line":13,"column":27}}},"branchMap":{}},"contracts/common/Ownable.sol":{"l":{"9":12,"13":11,"14":10,"18":0,"22":0,"26":0,"27":0,"28":0},"path":"/home/string/dev/work/Splitter-A/contracts/common/Ownable.sol","s":{"1":12,"2":11,"3":0,"4":0,"5":0,"6":0,"7":0},"b":{"1":[10,1],"2":[0,0]},"f":{"1":12,"2":11,"3":0,"4":0,"5":0},"fnMap":{"1":{"name":null,"line":8,"loc":{"start":{"line":8,"column":4},"end":{"line":8,"column":22}}},"2":{"name":"onlyOwner","line":12,"loc":{"start":{"line":12,"column":4},"end":{"line":12,"column":20}}},"3":{"name":"getOwnerBalance","line":17,"loc":{"start":{"line":17,"column":4},"end":{"line":17,"column":58}}},"4":{"name":"transferOwnership","line":21,"loc":{"start":{"line":21,"column":4},"end":{"line":21,"column":64}}},"5":{"name":"_transferOwnership","line":25,"loc":{"start":{"line":25,"column":4},"end":{"line":25,"column":57}}}},"statementMap":{"1":{"start":{"line":9,"column":8},"end":{"line":9,"column":25}},"2":{"start":{"line":13,"column":8},"end":{"line":13,"column":35}},"3":{"start":{"line":18,"column":8},"end":{"line":18,"column":28}},"4":{"start":{"line":22,"column":8},"end":{"line":22,"column":36}},"5":{"start":{"line":26,"column":8},"end":{"line":26,"column":39}},"6":{"start":{"line":27,"column":8},"end":{"line":27,"column":51}},"7":{"start":{"line":28,"column":8},"end":{"line":28,"column":24}}},"branchMap":{"1":{"line":13,"type":"if","locations":[{"start":{"line":13,"column":8},"end":{"line":13,"column":8}},{"start":{"line":13,"column":8},"end":{"line":13,"column":8}}]},"2":{"line":26,"type":"if","locations":[{"start":{"line":26,"column":8},"end":{"line":26,"column":8}},{"start":{"line":26,"column":8},"end":{"line":26,"column":8}}]}}},"contracts/Splitter.sol":{"l":{"22":8,"23":8,"27":18,"28":17,"32":8,"34":7,"35":21,"38":7,"42":5,"44":5,"48":6,"50":6,"58":1,"62":2,"64":2,"66":2,"70":3,"72":2,"74":2,"78":1,"82":1,"86":5,"87":5,"91":3,"99":2},"path":"/home/string/dev/work/Splitter-A/contracts/Splitter.sol","s":{"1":8,"2":18,"3":8,"4":7,"5":21,"6":7,"7":5,"8":5,"9":6,"10":6,"11":1,"12":2,"13":2,"14":2,"15":3,"16":2,"17":1,"18":1,"19":5,"20":5,"21":3,"22":2},"b":{"1":[8,0],"2":[17,1],"3":[7,1],"4":[5,0],"5":[6,0],"6":[2,1]},"f":{"1":0,"2":8,"3":18,"4":8,"5":5,"6":6,"7":1,"8":2,"9":3,"10":1,"11":1,"12":5,"13":3,"14":2},"fnMap":{"1":{"name":null,"line":19,"loc":{"start":{"line":19,"column":4},"end":{"line":19,"column":28}}},"2":{"name":"onlyMembers","line":21,"loc":{"start":{"line":21,"column":4},"end":{"line":21,"column":24}}},"3":{"name":"postInit","line":26,"loc":{"start":{"line":26,"column":4},"end":{"line":26,"column":21}}},"4":{"name":"init","line":31,"loc":{"start":{"line":31,"column":4},"end":{"line":31,"column":58}}},"5":{"name":"donate","line":41,"loc":{"start":{"line":41,"column":4},"end":{"line":41,"column":55}}},"6":{"name":"getMemberBalance","line":47,"loc":{"start":{"line":47,"column":4},"end":{"line":47,"column":80}}},"7":{"name":"getContractBalance","line":57,"loc":{"start":{"line":57,"column":4},"end":{"line":57,"column":67}}},"8":{"name":"addMember","line":61,"loc":{"start":{"line":61,"column":4},"end":{"line":61,"column":66}}},"9":{"name":"withdraw","line":69,"loc":{"start":{"line":69,"column":4},"end":{"line":69,"column":49}}},"10":{"name":"getMemberDonations","line":77,"loc":{"start":{"line":77,"column":4},"end":{"line":77,"column":73}}},"11":{"name":"isMember","line":81,"loc":{"start":{"line":81,"column":4},"end":{"line":81,"column":63}}},"12":{"name":"_acknowledgeDonation","line":85,"loc":{"start":{"line":85,"column":4},"end":{"line":85,"column":70}}},"13":{"name":"_canWithdraw","line":90,"loc":{"start":{"line":90,"column":4},"end":{"line":90,"column":69}}},"14":{"name":"_addArtificialBalancer","line":98,"loc":{"start":{"line":98,"column":4},"end":{"line":98,"column":43}}}},"statementMap":{"1":{"start":{"line":22,"column":8},"end":{"line":22,"column":44}},"2":{"start":{"line":27,"column":8},"end":{"line":27,"column":32}},"3":{"start":{"line":32,"column":8},"end":{"line":32,"column":42}},"4":{"start":{"line":34,"column":8},"end":{"line":34,"column":727}},"5":{"start":{"line":35,"column":12},"end":{"line":35,"column":153}},"6":{"start":{"line":38,"column":8},"end":{"line":38,"column":42}},"7":{"start":{"line":42,"column":8},"end":{"line":42,"column":29}},"8":{"start":{"line":44,"column":8},"end":{"line":44,"column":50}},"9":{"start":{"line":48,"column":8},"end":{"line":48,"column":41}},"10":{"start":{"line":50,"column":8},"end":{"line":50,"column":1313}},"11":{"start":{"line":58,"column":8},"end":{"line":58,"column":36}},"12":{"start":{"line":62,"column":8},"end":{"line":62,"column":31}},"13":{"start":{"line":64,"column":8},"end":{"line":64,"column":23}},"14":{"start":{"line":66,"column":8},"end":{"line":66,"column":142}},"15":{"start":{"line":70,"column":8},"end":{"line":70,"column":40}},"16":{"start":{"line":72,"column":8},"end":{"line":72,"column":71}},"17":{"start":{"line":78,"column":8},"end":{"line":78,"column":41}},"18":{"start":{"line":82,"column":8},"end":{"line":82,"column":40}},"19":{"start":{"line":86,"column":8},"end":{"line":86,"column":44}},"20":{"start":{"line":87,"column":8},"end":{"line":87,"column":30}},"21":{"start":{"line":91,"column":8},"end":{"line":91,"column":78}},"22":{"start":{"line":99,"column":8},"end":{"line":99,"column":55}}},"branchMap":{"1":{"line":22,"type":"if","locations":[{"start":{"line":22,"column":8},"end":{"line":22,"column":8}},{"start":{"line":22,"column":8},"end":{"line":22,"column":8}}]},"2":{"line":27,"type":"if","locations":[{"start":{"line":27,"column":8},"end":{"line":27,"column":8}},{"start":{"line":27,"column":8},"end":{"line":27,"column":8}}]},"3":{"line":32,"type":"if","locations":[{"start":{"line":32,"column":8},"end":{"line":32,"column":8}},{"start":{"line":32,"column":8},"end":{"line":32,"column":8}}]},"4":{"line":42,"type":"if","locations":[{"start":{"line":42,"column":8},"end":{"line":42,"column":8}},{"start":{"line":42,"column":8},"end":{"line":42,"column":8}}]},"5":{"line":48,"type":"if","locations":[{"start":{"line":48,"column":8},"end":{"line":48,"column":8}},{"start":{"line":48,"column":8},"end":{"line":48,"column":8}}]},"6":{"line":70,"type":"if","locations":[{"start":{"line":70,"column":8},"end":{"line":70,"column":8}},{"start":{"line":70,"column":8},"end":{"line":70,"column":8}}]}}}}