{"contracts/Splitter.sol":{"l":{"25":8,"26":8,"30":18,"31":17,"35":8,"37":7,"38":21,"41":7,"45":5,"47":5,"51":6,"53":6,"60":1,"64":2,"66":2,"68":2,"72":3,"74":2,"76":2,"80":1,"84":1,"88":5,"89":5,"93":3,"101":2},"path":"/home/string/dev/work/Splitter-A/contracts/Splitter.sol","s":{"1":8,"2":18,"3":8,"4":7,"5":21,"6":7,"7":5,"8":5,"9":6,"10":6,"11":1,"12":2,"13":2,"14":2,"15":3,"16":2,"17":1,"18":1,"19":5,"20":5,"21":3,"22":2},"b":{"1":[8,0],"2":[17,1],"3":[7,1],"4":[5,0],"5":[6,0],"6":[2,1]},"f":{"1":0,"2":8,"3":18,"4":8,"5":5,"6":6,"7":1,"8":2,"9":3,"10":1,"11":1,"12":5,"13":3,"14":2},"fnMap":{"1":{"name":null,"line":22,"loc":{"start":{"line":22,"column":4},"end":{"line":22,"column":28}}},"2":{"name":"onlyMembers","line":24,"loc":{"start":{"line":24,"column":4},"end":{"line":24,"column":24}}},"3":{"name":"postInit","line":29,"loc":{"start":{"line":29,"column":4},"end":{"line":29,"column":21}}},"4":{"name":"init","line":34,"loc":{"start":{"line":34,"column":4},"end":{"line":34,"column":58}}},"5":{"name":"donate","line":44,"loc":{"start":{"line":44,"column":4},"end":{"line":44,"column":55}}},"6":{"name":"getMemberBalance","line":50,"loc":{"start":{"line":50,"column":4},"end":{"line":50,"column":80}}},"7":{"name":"getContractBalance","line":59,"loc":{"start":{"line":59,"column":4},"end":{"line":59,"column":67}}},"8":{"name":"addMember","line":63,"loc":{"start":{"line":63,"column":4},"end":{"line":63,"column":66}}},"9":{"name":"withdraw","line":71,"loc":{"start":{"line":71,"column":4},"end":{"line":71,"column":49}}},"10":{"name":"getMemberDonations","line":79,"loc":{"start":{"line":79,"column":4},"end":{"line":79,"column":73}}},"11":{"name":"isMember","line":83,"loc":{"start":{"line":83,"column":4},"end":{"line":83,"column":63}}},"12":{"name":"_acknowledgeDonation","line":87,"loc":{"start":{"line":87,"column":4},"end":{"line":87,"column":70}}},"13":{"name":"_canWithdraw","line":92,"loc":{"start":{"line":92,"column":4},"end":{"line":92,"column":69}}},"14":{"name":"_addArtificialBalancer","line":100,"loc":{"start":{"line":100,"column":4},"end":{"line":100,"column":43}}}},"statementMap":{"1":{"start":{"line":25,"column":8},"end":{"line":25,"column":44}},"2":{"start":{"line":30,"column":8},"end":{"line":30,"column":32}},"3":{"start":{"line":35,"column":8},"end":{"line":35,"column":42}},"4":{"start":{"line":37,"column":8},"end":{"line":37,"column":800}},"5":{"start":{"line":38,"column":12},"end":{"line":38,"column":153}},"6":{"start":{"line":41,"column":8},"end":{"line":41,"column":42}},"7":{"start":{"line":45,"column":8},"end":{"line":45,"column":29}},"8":{"start":{"line":47,"column":8},"end":{"line":47,"column":50}},"9":{"start":{"line":51,"column":8},"end":{"line":51,"column":41}},"10":{"start":{"line":53,"column":8},"end":{"line":53,"column":1407}},"11":{"start":{"line":60,"column":8},"end":{"line":60,"column":36}},"12":{"start":{"line":64,"column":8},"end":{"line":64,"column":31}},"13":{"start":{"line":66,"column":8},"end":{"line":66,"column":39}},"14":{"start":{"line":68,"column":8},"end":{"line":68,"column":142}},"15":{"start":{"line":72,"column":8},"end":{"line":72,"column":40}},"16":{"start":{"line":74,"column":8},"end":{"line":74,"column":71}},"17":{"start":{"line":80,"column":8},"end":{"line":80,"column":41}},"18":{"start":{"line":84,"column":8},"end":{"line":84,"column":40}},"19":{"start":{"line":88,"column":8},"end":{"line":88,"column":75}},"20":{"start":{"line":89,"column":8},"end":{"line":89,"column":47}},"21":{"start":{"line":93,"column":8},"end":{"line":93,"column":78}},"22":{"start":{"line":101,"column":8},"end":{"line":101,"column":78}}},"branchMap":{"1":{"line":25,"type":"if","locations":[{"start":{"line":25,"column":8},"end":{"line":25,"column":8}},{"start":{"line":25,"column":8},"end":{"line":25,"column":8}}]},"2":{"line":30,"type":"if","locations":[{"start":{"line":30,"column":8},"end":{"line":30,"column":8}},{"start":{"line":30,"column":8},"end":{"line":30,"column":8}}]},"3":{"line":35,"type":"if","locations":[{"start":{"line":35,"column":8},"end":{"line":35,"column":8}},{"start":{"line":35,"column":8},"end":{"line":35,"column":8}}]},"4":{"line":45,"type":"if","locations":[{"start":{"line":45,"column":8},"end":{"line":45,"column":8}},{"start":{"line":45,"column":8},"end":{"line":45,"column":8}}]},"5":{"line":51,"type":"if","locations":[{"start":{"line":51,"column":8},"end":{"line":51,"column":8}},{"start":{"line":51,"column":8},"end":{"line":51,"column":8}}]},"6":{"line":72,"type":"if","locations":[{"start":{"line":72,"column":8},"end":{"line":72,"column":8}},{"start":{"line":72,"column":8},"end":{"line":72,"column":8}}]}}}}